<?xml version="1.0" encoding="UTF-8"?>
<testsuite xmlns:xsi="http://www.w3.org/2001/XMLSchema-instance" xsi:noNamespaceSchemaLocation="https://maven.apache.org/surefire/maven-surefire-plugin/xsd/surefire-test-report.xsd" name="br.com.restassuredapitesting.runners.Acceptance" time="55.793" tests="12" errors="0" skipped="0" failures="0">
  <properties>
    <property name="gopherProxySet" value="false"/>
    <property name="awt.toolkit" value="sun.lwawt.macosx.LWCToolkit"/>
    <property name="java.specification.version" value="11"/>
    <property name="sun.cpu.isalist" value=""/>
    <property name="sun.jnu.encoding" value="UTF-8"/>
    <property name="java.class.path" value="/Users/alexandro/IdeaProjects/cwi-treinamento-api-2021-init_project/target/test-classes:/Users/alexandro/IdeaProjects/cwi-treinamento-api-2021-init_project/target/classes:/Users/alexandro/.m2/repository/org/projectlombok/lombok/1.18.6/lombok-1.18.6.jar:/Users/alexandro/.m2/repository/com/googlecode/json-simple/json-simple/1.1.1/json-simple-1.1.1.jar:/Users/alexandro/.m2/repository/junit/junit/4.12/junit-4.12.jar:/Users/alexandro/.m2/repository/org/hamcrest/hamcrest-core/1.3/hamcrest-core-1.3.jar:/Users/alexandro/.m2/repository/io/rest-assured/rest-assured/3.1.0/rest-assured-3.1.0.jar:/Users/alexandro/.m2/repository/org/codehaus/groovy/groovy/2.4.12/groovy-2.4.12.jar:/Users/alexandro/.m2/repository/org/codehaus/groovy/groovy-xml/2.4.12/groovy-xml-2.4.12.jar:/Users/alexandro/.m2/repository/org/apache/httpcomponents/httpclient/4.5.3/httpclient-4.5.3.jar:/Users/alexandro/.m2/repository/org/apache/httpcomponents/httpcore/4.4.6/httpcore-4.4.6.jar:/Users/alexandro/.m2/repository/commons-logging/commons-logging/1.2/commons-logging-1.2.jar:/Users/alexandro/.m2/repository/commons-codec/commons-codec/1.9/commons-codec-1.9.jar:/Users/alexandro/.m2/repository/org/apache/httpcomponents/httpmime/4.5.1/httpmime-4.5.1.jar:/Users/alexandro/.m2/repository/org/hamcrest/hamcrest-library/1.3/hamcrest-library-1.3.jar:/Users/alexandro/.m2/repository/org/ccil/cowan/tagsoup/tagsoup/1.2.1/tagsoup-1.2.1.jar:/Users/alexandro/.m2/repository/io/rest-assured/xml-path/3.1.0/xml-path-3.1.0.jar:/Users/alexandro/.m2/repository/javax/xml/bind/jaxb-api/2.2.12/jaxb-api-2.2.12.jar:/Users/alexandro/.m2/repository/io/rest-assured/json-schema-validator/3.1.0/json-schema-validator-3.1.0.jar:/Users/alexandro/.m2/repository/com/github/fge/json-schema-validator/2.2.6/json-schema-validator-2.2.6.jar:/Users/alexandro/.m2/repository/com/google/code/findbugs/jsr305/3.0.0/jsr305-3.0.0.jar:/Users/alexandro/.m2/repository/joda-time/joda-time/2.3/joda-time-2.3.jar:/Users/alexandro/.m2/repository/com/googlecode/libphonenumber/libphonenumber/6.2/libphonenumber-6.2.jar:/Users/alexandro/.m2/repository/com/github/fge/json-schema-core/1.2.5/json-schema-core-1.2.5.jar:/Users/alexandro/.m2/repository/com/github/fge/uri-template/0.9/uri-template-0.9.jar:/Users/alexandro/.m2/repository/com/github/fge/msg-simple/1.1/msg-simple-1.1.jar:/Users/alexandro/.m2/repository/com/github/fge/btf/1.2/btf-1.2.jar:/Users/alexandro/.m2/repository/com/google/guava/guava/16.0.1/guava-16.0.1.jar:/Users/alexandro/.m2/repository/com/github/fge/jackson-coreutils/1.8/jackson-coreutils-1.8.jar:/Users/alexandro/.m2/repository/org/mozilla/rhino/1.7R4/rhino-1.7R4.jar:/Users/alexandro/.m2/repository/javax/mail/mailapi/1.4.3/mailapi-1.4.3.jar:/Users/alexandro/.m2/repository/javax/activation/activation/1.1/activation-1.1.jar:/Users/alexandro/.m2/repository/net/sf/jopt-simple/jopt-simple/4.6/jopt-simple-4.6.jar:/Users/alexandro/.m2/repository/com/github/javafaker/javafaker/1.0.1/javafaker-1.0.1.jar:/Users/alexandro/.m2/repository/org/apache/commons/commons-lang3/3.5/commons-lang3-3.5.jar:/Users/alexandro/.m2/repository/org/yaml/snakeyaml/1.23/snakeyaml-1.23-android.jar:/Users/alexandro/.m2/repository/com/github/mifmif/generex/1.0.2/generex-1.0.2.jar:/Users/alexandro/.m2/repository/dk/brics/automaton/automaton/1.11-8/automaton-1.11-8.jar:/Users/alexandro/.m2/repository/io/rest-assured/json-path/3.1.0/json-path-3.1.0.jar:/Users/alexandro/.m2/repository/org/codehaus/groovy/groovy-json/2.4.12/groovy-json-2.4.12.jar:/Users/alexandro/.m2/repository/io/rest-assured/rest-assured-common/3.1.0/rest-assured-common-3.1.0.jar:/Users/alexandro/.m2/repository/io/qameta/allure/allure-junit4/2.9.0/allure-junit4-2.9.0.jar:/Users/alexandro/.m2/repository/io/qameta/allure/allure-java-commons/2.9.0/allure-java-commons-2.9.0.jar:/Users/alexandro/.m2/repository/io/qameta/allure/allure-model/2.9.0/allure-model-2.9.0.jar:/Users/alexandro/.m2/repository/com/fasterxml/jackson/core/jackson-databind/2.9.7/jackson-databind-2.9.7.jar:/Users/alexandro/.m2/repository/com/fasterxml/jackson/core/jackson-annotations/2.9.0/jackson-annotations-2.9.0.jar:/Users/alexandro/.m2/repository/com/fasterxml/jackson/core/jackson-core/2.9.7/jackson-core-2.9.7.jar:/Users/alexandro/.m2/repository/org/apache/tika/tika-core/1.19.1/tika-core-1.19.1.jar:/Users/alexandro/.m2/repository/org/aspectj/aspectjrt/1.9.1/aspectjrt-1.9.1.jar:/Users/alexandro/.m2/repository/org/jooq/joor-java-8/0.9.9/joor-java-8-0.9.9.jar:/Users/alexandro/.m2/repository/org/slf4j/slf4j-api/1.7.26/slf4j-api-1.7.26.jar:/Users/alexandro/.m2/repository/org/slf4j/slf4j-jdk14/1.7.26/slf4j-jdk14-1.7.26.jar:"/>
    <property name="java.vm.vendor" value="Oracle Corporation"/>
    <property name="sun.arch.data.model" value="64"/>
    <property name="java.vendor.url" value="http://java.oracle.com/"/>
    <property name="user.timezone" value=""/>
    <property name="java.vm.specification.version" value="11"/>
    <property name="os.name" value="Mac OS X"/>
    <property name="sun.java.launcher" value="SUN_STANDARD"/>
    <property name="user.country" value="BR"/>
    <property name="sun.boot.library.path" value="/Library/Java/JavaVirtualMachines/jdk-11.0.1.jdk/Contents/Home/lib"/>
    <property name="sun.java.command" value="/Users/alexandro/IdeaProjects/cwi-treinamento-api-2021-init_project/target/surefire/surefirebooter12442020019769488197.jar /Users/alexandro/IdeaProjects/cwi-treinamento-api-2021-init_project/target/surefire 2021-03-30T19-57-34_758-jvmRun1 surefire8798744321425821528tmp surefire_010794854985935400026tmp"/>
    <property name="http.nonProxyHosts" value="local|*.local|169.254/16|*.169.254/16"/>
    <property name="jdk.debug" value="release"/>
    <property name="test" value="Acceptance"/>
    <property name="surefire.test.class.path" value="/Users/alexandro/IdeaProjects/cwi-treinamento-api-2021-init_project/target/test-classes:/Users/alexandro/IdeaProjects/cwi-treinamento-api-2021-init_project/target/classes:/Users/alexandro/.m2/repository/org/projectlombok/lombok/1.18.6/lombok-1.18.6.jar:/Users/alexandro/.m2/repository/com/googlecode/json-simple/json-simple/1.1.1/json-simple-1.1.1.jar:/Users/alexandro/.m2/repository/junit/junit/4.12/junit-4.12.jar:/Users/alexandro/.m2/repository/org/hamcrest/hamcrest-core/1.3/hamcrest-core-1.3.jar:/Users/alexandro/.m2/repository/io/rest-assured/rest-assured/3.1.0/rest-assured-3.1.0.jar:/Users/alexandro/.m2/repository/org/codehaus/groovy/groovy/2.4.12/groovy-2.4.12.jar:/Users/alexandro/.m2/repository/org/codehaus/groovy/groovy-xml/2.4.12/groovy-xml-2.4.12.jar:/Users/alexandro/.m2/repository/org/apache/httpcomponents/httpclient/4.5.3/httpclient-4.5.3.jar:/Users/alexandro/.m2/repository/org/apache/httpcomponents/httpcore/4.4.6/httpcore-4.4.6.jar:/Users/alexandro/.m2/repository/commons-logging/commons-logging/1.2/commons-logging-1.2.jar:/Users/alexandro/.m2/repository/commons-codec/commons-codec/1.9/commons-codec-1.9.jar:/Users/alexandro/.m2/repository/org/apache/httpcomponents/httpmime/4.5.1/httpmime-4.5.1.jar:/Users/alexandro/.m2/repository/org/hamcrest/hamcrest-library/1.3/hamcrest-library-1.3.jar:/Users/alexandro/.m2/repository/org/ccil/cowan/tagsoup/tagsoup/1.2.1/tagsoup-1.2.1.jar:/Users/alexandro/.m2/repository/io/rest-assured/xml-path/3.1.0/xml-path-3.1.0.jar:/Users/alexandro/.m2/repository/javax/xml/bind/jaxb-api/2.2.12/jaxb-api-2.2.12.jar:/Users/alexandro/.m2/repository/io/rest-assured/json-schema-validator/3.1.0/json-schema-validator-3.1.0.jar:/Users/alexandro/.m2/repository/com/github/fge/json-schema-validator/2.2.6/json-schema-validator-2.2.6.jar:/Users/alexandro/.m2/repository/com/google/code/findbugs/jsr305/3.0.0/jsr305-3.0.0.jar:/Users/alexandro/.m2/repository/joda-time/joda-time/2.3/joda-time-2.3.jar:/Users/alexandro/.m2/repository/com/googlecode/libphonenumber/libphonenumber/6.2/libphonenumber-6.2.jar:/Users/alexandro/.m2/repository/com/github/fge/json-schema-core/1.2.5/json-schema-core-1.2.5.jar:/Users/alexandro/.m2/repository/com/github/fge/uri-template/0.9/uri-template-0.9.jar:/Users/alexandro/.m2/repository/com/github/fge/msg-simple/1.1/msg-simple-1.1.jar:/Users/alexandro/.m2/repository/com/github/fge/btf/1.2/btf-1.2.jar:/Users/alexandro/.m2/repository/com/google/guava/guava/16.0.1/guava-16.0.1.jar:/Users/alexandro/.m2/repository/com/github/fge/jackson-coreutils/1.8/jackson-coreutils-1.8.jar:/Users/alexandro/.m2/repository/org/mozilla/rhino/1.7R4/rhino-1.7R4.jar:/Users/alexandro/.m2/repository/javax/mail/mailapi/1.4.3/mailapi-1.4.3.jar:/Users/alexandro/.m2/repository/javax/activation/activation/1.1/activation-1.1.jar:/Users/alexandro/.m2/repository/net/sf/jopt-simple/jopt-simple/4.6/jopt-simple-4.6.jar:/Users/alexandro/.m2/repository/com/github/javafaker/javafaker/1.0.1/javafaker-1.0.1.jar:/Users/alexandro/.m2/repository/org/apache/commons/commons-lang3/3.5/commons-lang3-3.5.jar:/Users/alexandro/.m2/repository/org/yaml/snakeyaml/1.23/snakeyaml-1.23-android.jar:/Users/alexandro/.m2/repository/com/github/mifmif/generex/1.0.2/generex-1.0.2.jar:/Users/alexandro/.m2/repository/dk/brics/automaton/automaton/1.11-8/automaton-1.11-8.jar:/Users/alexandro/.m2/repository/io/rest-assured/json-path/3.1.0/json-path-3.1.0.jar:/Users/alexandro/.m2/repository/org/codehaus/groovy/groovy-json/2.4.12/groovy-json-2.4.12.jar:/Users/alexandro/.m2/repository/io/rest-assured/rest-assured-common/3.1.0/rest-assured-common-3.1.0.jar:/Users/alexandro/.m2/repository/io/qameta/allure/allure-junit4/2.9.0/allure-junit4-2.9.0.jar:/Users/alexandro/.m2/repository/io/qameta/allure/allure-java-commons/2.9.0/allure-java-commons-2.9.0.jar:/Users/alexandro/.m2/repository/io/qameta/allure/allure-model/2.9.0/allure-model-2.9.0.jar:/Users/alexandro/.m2/repository/com/fasterxml/jackson/core/jackson-databind/2.9.7/jackson-databind-2.9.7.jar:/Users/alexandro/.m2/repository/com/fasterxml/jackson/core/jackson-annotations/2.9.0/jackson-annotations-2.9.0.jar:/Users/alexandro/.m2/repository/com/fasterxml/jackson/core/jackson-core/2.9.7/jackson-core-2.9.7.jar:/Users/alexandro/.m2/repository/org/apache/tika/tika-core/1.19.1/tika-core-1.19.1.jar:/Users/alexandro/.m2/repository/org/aspectj/aspectjrt/1.9.1/aspectjrt-1.9.1.jar:/Users/alexandro/.m2/repository/org/jooq/joor-java-8/0.9.9/joor-java-8-0.9.9.jar:/Users/alexandro/.m2/repository/org/slf4j/slf4j-api/1.7.26/slf4j-api-1.7.26.jar:/Users/alexandro/.m2/repository/org/slf4j/slf4j-jdk14/1.7.26/slf4j-jdk14-1.7.26.jar:"/>
    <property name="sun.cpu.endian" value="little"/>
    <property name="allure.results.directory" value="/Users/alexandro/IdeaProjects/cwi-treinamento-api-2021-init_project/target/allure-results"/>
    <property name="user.home" value="/Users/alexandro"/>
    <property name="user.language" value="pt"/>
    <property name="java.specification.vendor" value="Oracle Corporation"/>
    <property name="java.version.date" value="2018-10-16"/>
    <property name="java.home" value="/Library/Java/JavaVirtualMachines/jdk-11.0.1.jdk/Contents/Home"/>
    <property name="file.separator" value="/"/>
    <property name="basedir" value="/Users/alexandro/IdeaProjects/cwi-treinamento-api-2021-init_project"/>
    <property name="java.vm.compressedOopsMode" value="Zero based"/>
    <property name="line.separator" value="&#10;"/>
    <property name="java.specification.name" value="Java Platform API Specification"/>
    <property name="java.vm.specification.vendor" value="Oracle Corporation"/>
    <property name="java.awt.graphicsenv" value="sun.awt.CGraphicsEnvironment"/>
    <property name="surefire.real.class.path" value="/Users/alexandro/IdeaProjects/cwi-treinamento-api-2021-init_project/target/surefire/surefirebooter12442020019769488197.jar"/>
    <property name="sun.management.compiler" value="HotSpot 64-Bit Tiered Compilers"/>
    <property name="ftp.nonProxyHosts" value="local|*.local|169.254/16|*.169.254/16"/>
    <property name="java.runtime.version" value="11.0.1+13-LTS"/>
    <property name="user.name" value="alexandro"/>
    <property name="path.separator" value=":"/>
    <property name="os.version" value="10.15.7"/>
    <property name="java.runtime.name" value="Java(TM) SE Runtime Environment"/>
    <property name="file.encoding" value="UTF-8"/>
    <property name="java.vm.name" value="Java HotSpot(TM) 64-Bit Server VM"/>
    <property name="java.vendor.version" value="18.9"/>
    <property name="localRepository" value="/Users/alexandro/.m2/repository"/>
    <property name="java.vendor.url.bug" value="http://bugreport.java.com/bugreport/"/>
    <property name="java.io.tmpdir" value="/var/folders/w_/p0fszwf94m95673lsthtm48m0000gn/T/"/>
    <property name="idea.version" value="2020.3.3"/>
    <property name="java.version" value="11.0.1"/>
    <property name="user.dir" value="/Users/alexandro/IdeaProjects/cwi-treinamento-api-2021-init_project"/>
    <property name="os.arch" value="x86_64"/>
    <property name="java.vm.specification.name" value="Java Virtual Machine Specification"/>
    <property name="java.awt.printerjob" value="sun.lwawt.macosx.CPrinterJob"/>
    <property name="sun.os.patch.level" value="unknown"/>
    <property name="java.library.path" value="/Users/alexandro/Library/Java/Extensions:/Library/Java/Extensions:/Network/Library/Java/Extensions:/System/Library/Java/Extensions:/usr/lib/java:."/>
    <property name="java.vendor" value="Oracle Corporation"/>
    <property name="java.vm.info" value="mixed mode"/>
    <property name="java.vm.version" value="11.0.1+13-LTS"/>
    <property name="sun.io.unicode.encoding" value="UnicodeBig"/>
    <property name="java.class.version" value="55.0"/>
    <property name="socksNonProxyHosts" value="local|*.local|169.254/16|*.169.254/16"/>
  </properties>
  <testcase name="validarReservaComFiltroFirstname" classname="br.com.restassuredapitesting.tests.booking.tests.GetBookingTest" time="9.966"/>
  <testcase name="validarIdsDasReservas" classname="br.com.restassuredapitesting.tests.booking.tests.GetBookingTest" time="5.859"/>
  <testcase name="validarReservaComFiltroCheckout" classname="br.com.restassuredapitesting.tests.booking.tests.GetBookingTest" time="2.433"/>
  <testcase name="validarReservaComFiltroCheckinCheckout" classname="br.com.restassuredapitesting.tests.booking.tests.GetBookingTest" time="2.962"/>
  <testcase name="validarReservaEspecifica" classname="br.com.restassuredapitesting.tests.booking.tests.GetBookingTest" time="6.549"/>
  <testcase name="validarReservaComFiltroLastname" classname="br.com.restassuredapitesting.tests.booking.tests.GetBookingTest" time="2.552"/>
  <testcase name="validarReservaComFiltroNomeCheckinCheckout" classname="br.com.restassuredapitesting.tests.booking.tests.GetBookingTest" time="4.775"/>
  <testcase name="validarReservaComFiltroCheckin" classname="br.com.restassuredapitesting.tests.booking.tests.GetBookingTest" time="7.492"/>
  <testcase name="excluiReserva" classname="br.com.restassuredapitesting.tests.booking.tests.DeleteBookingTest" time="2.738"/>
  <testcase name="validarAlterarUmaReservaUtilizandoToken" classname="br.com.restassuredapitesting.tests.booking.tests.PutBookingTest" time="7.279"/>
  <testcase name="validarAlterarUmaReservaUtilizandoBasicAuth" classname="br.com.restassuredapitesting.tests.booking.tests.PutBookingTest" time="1.402"/>
  <testcase name="criaReserva" classname="br.com.restassuredapitesting.tests.booking.tests.PostBookingTest" time="0.741"/>
</testsuite>